<?xml version="1.0" encoding="UTF-8"?>
<!-- Generated by org.testng.reporters.JUnitReportReporter -->
<testsuite hostname="DESKTOP-MGP9VLL" failures="0" tests="1" name="orangehrm_tests.LoginTest" time="45.137" errors="0" timestamp="2025-06-20T22:12:56 IST" skipped="0">
  <testcase classname="orangehrm_tests.LoginTest" name="testTitle" time="45.137"/>
</testsuite> <!-- orangehrm_tests.LoginTest -->
