<?xml version="1.0" encoding="UTF-8"?>
<!-- Generated by org.testng.reporters.JUnitReportReporter -->
<testsuite hostname="DESKTOP-MGP9VLL" failures="0" tests="1" name="orangehrm_tests.LoginTest" time="15.298" errors="0" timestamp="2025-06-21T19:01:32 IST" skipped="0">
  <testcase classname="orangehrm_tests.LoginTest" name="testValidLogin" time="15.298"/>
</testsuite> <!-- orangehrm_tests.LoginTest -->
